OQ2Project/Library/Bee/Android/Prj/Mono2x/Gradle/launcher/build/intermediates/manifest_merge_blame_file/release/manifest-merger-blame-release-report.txt
1<?xml version="1.0" encoding="utf-8"?>
2<manifest xmlns:android="http://schemas.android.com/apk/res/android"
3    package="com.DefaultCompany.OQ2Project"
4    android:installLocation="auto"
5    android:versionCode="1"
6    android:versionName="0.1" >
7
8    <uses-sdk
9        android:minSdkVersion="23"
9-->src\main\AndroidManifest.xml
10        android:targetSdkVersion="33" />
10-->src\main\AndroidManifest.xml
11
12    <supports-screens
12-->src\main\AndroidManifest.xml:3:3-163
13        android:anyDensity="true"
13-->src\main\AndroidManifest.xml:3:135-160
14        android:largeScreens="true"
14-->src\main\AndroidManifest.xml:3:78-105
15        android:normalScreens="true"
15-->src\main\AndroidManifest.xml:3:49-77
16        android:smallScreens="true"
16-->src\main\AndroidManifest.xml:3:21-48
17        android:xlargeScreens="true" />
17-->src\main\AndroidManifest.xml:3:106-134
18
19    <uses-feature android:glEsVersion="0x00030000" />
19-->[:unityLibrary] AndroidManifest.xml:13:5-54
19-->[:unityLibrary] AndroidManifest.xml:13:19-51
20    <uses-feature
20-->[:unityLibrary] AndroidManifest.xml:14:5-16:36
21        android:name="android.hardware.vulkan.version"
21-->[:unityLibrary] AndroidManifest.xml:15:9-55
22        android:required="false" />
22-->[:unityLibrary] AndroidManifest.xml:16:9-33
23
24    <uses-permission android:name="android.permission.INTERNET" />
24-->[:unityLibrary] AndroidManifest.xml:18:5-67
24-->[:unityLibrary] AndroidManifest.xml:18:22-64
25    <uses-permission android:name="android.permission.ACCESS_NETWORK_STATE" />
25-->[:unityLibrary] AndroidManifest.xml:19:5-79
25-->[:unityLibrary] AndroidManifest.xml:19:22-76
26    <uses-permission android:name="android.permission.RECORD_AUDIO" />
26-->[:unityLibrary] AndroidManifest.xml:20:5-71
26-->[:unityLibrary] AndroidManifest.xml:20:22-68
27    <uses-permission android:name="android.permission.MODIFY_AUDIO_SETTINGS" />
27-->[:unityLibrary] AndroidManifest.xml:21:5-80
27-->[:unityLibrary] AndroidManifest.xml:21:22-77
28
29    <uses-feature
29-->[:unityLibrary] AndroidManifest.xml:23:5-25:36
30        android:name="android.hardware.microphone"
30-->[:unityLibrary] AndroidManifest.xml:24:9-51
31        android:required="false" />
31-->[:unityLibrary] AndroidManifest.xml:25:9-33
32    <uses-feature
32-->[:unityLibrary] AndroidManifest.xml:26:5-28:36
33        android:name="android.hardware.touchscreen"
33-->[:unityLibrary] AndroidManifest.xml:27:9-52
34        android:required="false" />
34-->[:unityLibrary] AndroidManifest.xml:28:9-33
35    <uses-feature
35-->[:unityLibrary] AndroidManifest.xml:29:5-31:36
36        android:name="android.hardware.touchscreen.multitouch"
36-->[:unityLibrary] AndroidManifest.xml:30:9-63
37        android:required="false" />
37-->[:unityLibrary] AndroidManifest.xml:31:9-33
38    <uses-feature
38-->[:unityLibrary] AndroidManifest.xml:32:5-34:36
39        android:name="android.hardware.touchscreen.multitouch.distinct"
39-->[:unityLibrary] AndroidManifest.xml:33:9-72
40        android:required="false" />
40-->[:unityLibrary] AndroidManifest.xml:34:9-33
41    <uses-feature
41-->[:unityLibrary] AndroidManifest.xml:35:5-38:31
42        android:name="android.hardware.vr.headtracking"
42-->[:unityLibrary] AndroidManifest.xml:36:9-56
43        android:required="true"
43-->[:unityLibrary] AndroidManifest.xml:37:9-32
44        android:version="1" />
44-->[:unityLibrary] AndroidManifest.xml:38:9-28
45
46    <application
46-->src\main\AndroidManifest.xml:4:3-83
47        android:allowBackup="false"
47-->[:unityLibrary] AndroidManifest.xml:41:9-36
48        android:extractNativeLibs="true"
48-->[:unityLibrary] AndroidManifest.xml:42:9-41
49        android:icon="@mipmap/app_icon"
49-->src\main\AndroidManifest.xml:4:49-80
50        android:label="@string/app_name"
50-->src\main\AndroidManifest.xml:4:16-48
51        android:networkSecurityConfig="@xml/network_sec_config" >
51-->[:unityLibrary] AndroidManifest.xml:45:9-64
52        <activity
52-->[:unityLibrary] AndroidManifest.xml:46:9-71:20
53            android:name="com.unity3d.player.UnityPlayerActivity"
53-->[:unityLibrary] AndroidManifest.xml:47:13-66
54            android:configChanges="keyboard|keyboardHidden|navigation|orientation|screenLayout|screenSize|uiMode"
54-->[:unityLibrary] AndroidManifest.xml:48:13-114
55            android:exported="true"
55-->[:unityLibrary] AndroidManifest.xml:49:13-36
56            android:hardwareAccelerated="false"
56-->[:unityLibrary] AndroidManifest.xml:50:13-48
57            android:launchMode="singleTask"
57-->[:unityLibrary] AndroidManifest.xml:51:13-44
58            android:resizeableActivity="false"
58-->[:unityLibrary] AndroidManifest.xml:52:13-47
59            android:screenOrientation="landscape"
59-->[:unityLibrary] AndroidManifest.xml:53:13-50
60            android:theme="@android:style/Theme.Black.NoTitleBar.Fullscreen" >
60-->[:unityLibrary] AndroidManifest.xml:54:13-77
61            <intent-filter>
61-->[:unityLibrary] AndroidManifest.xml:55:13-60:29
62                <action android:name="android.intent.action.MAIN" />
62-->[:unityLibrary] AndroidManifest.xml:56:17-69
62-->[:unityLibrary] AndroidManifest.xml:56:25-66
63
64                <category android:name="android.intent.category.LAUNCHER" />
64-->[:unityLibrary] AndroidManifest.xml:58:17-77
64-->[:unityLibrary] AndroidManifest.xml:58:27-74
65                <category android:name="com.oculus.intent.category.VR" />
65-->[:unityLibrary] AndroidManifest.xml:59:17-74
65-->[:unityLibrary] AndroidManifest.xml:59:27-71
66            </intent-filter>
67
68            <meta-data
68-->[:unityLibrary] AndroidManifest.xml:62:13-64:40
69                android:name="unityplayer.UnityActivity"
69-->[:unityLibrary] AndroidManifest.xml:63:17-57
70                android:value="true" />
70-->[:unityLibrary] AndroidManifest.xml:64:17-37
71            <meta-data
71-->[:unityLibrary] AndroidManifest.xml:65:13-67:40
72                android:name="android.notch_support"
72-->[:unityLibrary] AndroidManifest.xml:66:17-53
73                android:value="true" />
73-->[:unityLibrary] AndroidManifest.xml:67:17-37
74            <meta-data
74-->[:unityLibrary] AndroidManifest.xml:68:13-70:40
75                android:name="com.oculus.vr.focusaware"
75-->[:unityLibrary] AndroidManifest.xml:69:17-56
76                android:value="true" />
76-->[:unityLibrary] AndroidManifest.xml:70:17-37
77        </activity>
78
79        <meta-data
79-->[:unityLibrary] AndroidManifest.xml:73:9-75:33
80            android:name="unity.splash-mode"
80-->[:unityLibrary] AndroidManifest.xml:74:13-45
81            android:value="0" />
81-->[:unityLibrary] AndroidManifest.xml:75:13-30
82        <meta-data
82-->[:unityLibrary] AndroidManifest.xml:76:9-78:36
83            android:name="unity.splash-enable"
83-->[:unityLibrary] AndroidManifest.xml:77:13-47
84            android:value="True" />
84-->[:unityLibrary] AndroidManifest.xml:78:13-33
85        <meta-data
85-->[:unityLibrary] AndroidManifest.xml:79:9-81:36
86            android:name="unity.launch-fullscreen"
86-->[:unityLibrary] AndroidManifest.xml:80:13-51
87            android:value="True" />
87-->[:unityLibrary] AndroidManifest.xml:81:13-33
88        <meta-data
88-->[:unityLibrary] AndroidManifest.xml:82:9-84:37
89            android:name="unity.allow-resizable-window"
89-->[:unityLibrary] AndroidManifest.xml:83:13-56
90            android:value="False" />
90-->[:unityLibrary] AndroidManifest.xml:84:13-34
91        <meta-data
91-->[:unityLibrary] AndroidManifest.xml:85:9-87:50
92            android:name="notch.config"
92-->[:unityLibrary] AndroidManifest.xml:86:13-40
93            android:value="portrait|landscape" />
93-->[:unityLibrary] AndroidManifest.xml:87:13-47
94        <meta-data
94-->[:unityLibrary] AndroidManifest.xml:88:9-90:39
95            android:name="com.samsung.android.vr.application.mode"
95-->[:unityLibrary] AndroidManifest.xml:89:13-67
96            android:value="vr_only" />
96-->[:unityLibrary] AndroidManifest.xml:90:13-36
97        <meta-data
97-->[:unityLibrary] AndroidManifest.xml:91:9-93:37
98            android:name="com.unity.xr.oculus.LowOverheadMode"
98-->[:unityLibrary] AndroidManifest.xml:92:13-63
99            android:value="false" />
99-->[:unityLibrary] AndroidManifest.xml:93:13-34
100        <meta-data
100-->[:unityLibrary] AndroidManifest.xml:94:9-96:37
101            android:name="com.unity.xr.oculus.LateLatching"
101-->[:unityLibrary] AndroidManifest.xml:95:13-60
102            android:value="false" />
102-->[:unityLibrary] AndroidManifest.xml:96:13-34
103        <meta-data
103-->[:unityLibrary] AndroidManifest.xml:97:9-99:37
104            android:name="com.unity.xr.oculus.LateLatchingDebug"
104-->[:unityLibrary] AndroidManifest.xml:98:13-65
105            android:value="false" />
105-->[:unityLibrary] AndroidManifest.xml:99:13-34
106        <meta-data
106-->[:unityLibrary] AndroidManifest.xml:100:9-102:44
107            android:name="com.oculus.supportedDevices"
107-->[:unityLibrary] AndroidManifest.xml:101:13-55
108            android:value="quest|quest2" />
108-->[:unityLibrary] AndroidManifest.xml:102:13-41
109    </application>
110
111</manifest>